This is pdfTeX, Version 3.14159265-2.6-1.40.17 (MiKTeX 2.9.6100 64-bit) (preloaded format=pdflatex 2017.1.7)  31 AUG 2017 00:12
entering extended mode
**./thesis.tex
(thesis.tex
LaTeX2e <2016/03/31> patch level 3
Babel <3.9r> and hyphenation patterns for 75 language(s) loaded.
("C:\Program Files\MiKTeX 2.9\tex\latex\base\book.cls"
Document Class: book 2014/09/29 v1.4h Standard LaTeX document class
("C:\Program Files\MiKTeX 2.9\tex\latex\base\bk12.clo"
File: bk12.clo 2014/09/29 v1.4h Standard LaTeX file (size option)
)
\c@part=\count79
\c@chapter=\count80
\c@section=\count81
\c@subsection=\count82
\c@subsubsection=\count83
\c@paragraph=\count84
\c@subparagraph=\count85
\c@figure=\count86
\c@table=\count87
\abovecaptionskip=\skip41
\belowcaptionskip=\skip42
\bibindent=\dimen102
)
("C:\Program Files\MiKTeX 2.9\tex\latex\base\makeidx.sty"
Package: makeidx 2014/09/29 v1.0m Standard LaTeX package
)
("C:\Program Files\MiKTeX 2.9\tex\latex\amscls\amsthm.sty"
Package: amsthm 2015/03/04 v2.20.2
\thm@style=\toks14
\thm@bodyfont=\toks15
\thm@headfont=\toks16
\thm@notefont=\toks17
\thm@headpunct=\toks18
\thm@preskip=\skip43
\thm@postskip=\skip44
\thm@headsep=\skip45
\dth@everypar=\toks19
)
("C:\Program Files\MiKTeX 2.9\tex\latex\amsmath\amsmath.sty"
Package: amsmath 2016/06/28 v2.15d AMS math features
\@mathmargin=\skip46

For additional information on amsmath, use the `?' option.
("C:\Program Files\MiKTeX 2.9\tex\latex\amsmath\amstext.sty"
Package: amstext 2000/06/29 v2.01 AMS text

("C:\Program Files\MiKTeX 2.9\tex\latex\amsmath\amsgen.sty"
File: amsgen.sty 1999/11/30 v2.0 generic functions
\@emptytoks=\toks20
\ex@=\dimen103
))
("C:\Program Files\MiKTeX 2.9\tex\latex\amsmath\amsbsy.sty"
Package: amsbsy 1999/11/29 v1.2d Bold Symbols
\pmbraise@=\dimen104
)
("C:\Program Files\MiKTeX 2.9\tex\latex\amsmath\amsopn.sty"
Package: amsopn 2016/03/08 v2.02 operator names
)
\inf@bad=\count88
LaTeX Info: Redefining \frac on input line 199.
\uproot@=\count89
\leftroot@=\count90
LaTeX Info: Redefining \overline on input line 297.
\classnum@=\count91
\DOTSCASE@=\count92
LaTeX Info: Redefining \ldots on input line 394.
LaTeX Info: Redefining \dots on input line 397.
LaTeX Info: Redefining \cdots on input line 518.
\Mathstrutbox@=\box26
\strutbox@=\box27
\big@size=\dimen105
LaTeX Font Info:    Redeclaring font encoding OML on input line 634.
LaTeX Font Info:    Redeclaring font encoding OMS on input line 635.
\macc@depth=\count93
\c@MaxMatrixCols=\count94
\dotsspace@=\muskip10
\c@parentequation=\count95
\dspbrk@lvl=\count96
\tag@help=\toks21
\row@=\count97
\column@=\count98
\maxfields@=\count99
\andhelp@=\toks22
\eqnshift@=\dimen106
\alignsep@=\dimen107
\tagshift@=\dimen108
\tagwidth@=\dimen109
\totwidth@=\dimen110
\lineht@=\dimen111
\@envbody=\toks23
\multlinegap=\skip47
\multlinetaggap=\skip48
\mathdisplay@stack=\toks24
LaTeX Info: Redefining \[ on input line 2739.
LaTeX Info: Redefining \] on input line 2740.
)
("C:\Program Files\MiKTeX 2.9\tex\latex\amsfonts\amsfonts.sty"
Package: amsfonts 2013/01/14 v3.01 Basic AMSFonts support
\symAMSa=\mathgroup4
\symAMSb=\mathgroup5
LaTeX Font Info:    Overwriting math alphabet `\mathfrak' in version `bold'
(Font)                  U/euf/m/n --> U/euf/b/n on input line 106.
)
("C:\Program Files\MiKTeX 2.9\tex\latex\amsfonts\amssymb.sty"
Package: amssymb 2013/01/14 v3.01 AMS font symbols
)
("C:\Program Files\MiKTeX 2.9\tex\latex\base\latexsym.sty"
Package: latexsym 1998/08/17 v2.2e Standard LaTeX package (lasy symbols)
\symlasy=\mathgroup6
LaTeX Font Info:    Overwriting symbol font `lasy' in version `bold'
(Font)                  U/lasy/m/n --> U/lasy/b/n on input line 52.
)
("C:\Program Files\MiKTeX 2.9\tex\latex\graphics\graphicx.sty"
Package: graphicx 2014/10/28 v1.0g Enhanced LaTeX Graphics (DPC,SPQR)

("C:\Program Files\MiKTeX 2.9\tex\latex\graphics\keyval.sty"
Package: keyval 2014/10/28 v1.15 key=value parser (DPC)
\KV@toks@=\toks25
)
("C:\Program Files\MiKTeX 2.9\tex\latex\graphics\graphics.sty"
Package: graphics 2016/07/10 v1.0t Standard LaTeX Graphics (DPC,SPQR)

("C:\Program Files\MiKTeX 2.9\tex\latex\graphics\trig.sty"
Package: trig 2016/01/03 v1.10 sin cos tan (DPC)
)
("C:\Program Files\MiKTeX 2.9\tex\latex\graphics-cfg\graphics.cfg"
File: graphics.cfg 2016/06/04 v1.11 sample graphics configuration
)
Package graphics Info: Driver file: pdftex.def on input line 99.

("C:\Program Files\MiKTeX 2.9\tex\latex\graphics-def\pdftex.def"
File: pdftex.def 2016/07/10 v0.06j Graphics/color for pdfTeX

("C:\Program Files\MiKTeX 2.9\tex\generic\oberdiek\infwarerr.sty"
Package: infwarerr 2016/05/16 v1.4 Providing info/warning/error messages (HO)
)
("C:\Program Files\MiKTeX 2.9\tex\generic\oberdiek\ltxcmds.sty"
Package: ltxcmds 2016/05/16 v1.23 LaTeX kernel commands for general use (HO)
)
\Gread@gobject=\count100
))
\Gin@req@height=\dimen112
\Gin@req@width=\dimen113
)
(C:\Users\Deepak\AppData\Roaming\MiKTeX\2.9\tex\latex\appendix\appendix.sty
Package: appendix 2009/09/02 v1.2b extra appendix facilities
\c@@pps=\count101
\c@@ppsavesec=\count102
\c@@ppsaveapp=\count103
)
(C:\Users\Deepak\AppData\Roaming\MiKTeX\2.9\tex\latex\subfigure\subfigure.sty
Package: subfigure 2002/07/30 v2.1.4 subfigure package
\subfigtopskip=\skip49
\subfigcapskip=\skip50
\subfigcaptopadj=\dimen114
\subfigbottomskip=\skip51
\subfigcapmargin=\dimen115
\subfiglabelskip=\skip52
\c@subfigure=\count104
\c@lofdepth=\count105
\c@subtable=\count106
\c@lotdepth=\count107

****************************************
* Local config file subfigure.cfg used *
****************************************
(C:\Users\Deepak\AppData\Roaming\MiKTeX\2.9\tex\latex\subfigure\subfigure.cfg)
\subfig@top=\skip53
\subfig@bottom=\skip54
)
(C:\Users\Deepak\AppData\Roaming\MiKTeX\2.9\tex\latex\algorithm2e\algorithm2e.s
ty
Package: algorithm2e 2013/01/06 v5.00 algorithms environments
\c@AlgoLine=\count108
 ("C:\Program Files\MiKTeX 2.9\tex\latex\base\ifthen.sty"
Package: ifthen 2014/09/29 v1.1c Standard LaTeX ifthen package (DPC)
)
\algocf@hangindent=\skip55

("C:\Program Files\MiKTeX 2.9\tex\latex\tools\xspace.sty"
Package: xspace 2014/10/28 v1.13 Space after command names (DPC,MH)
)
("C:\Program Files\MiKTeX 2.9\tex\latex\ltxmisc\relsize.sty"
Package: relsize 2003/07/04 ver 3.1
)
********************************************************
Package `algorithm2e' Release 5.1 -- october 19 2015 --
- algorithm2e-announce@lirmm.fr mailing list for announcement about releases
- algorithm2e-discussion@lirmm.fr mailing list for discussion about package
subscribe by emailing sympa@lirmm.fr with 'subscribe <list> <firstname name>'
- Author: Christophe Fiorio (christophe.fiorio@umontpellier.fr)
********************************************************
\skiptotal=\skip56
\skiplinenumber=\skip57
\skiprule=\skip58
\skiphlne=\skip59
\skiptext=\skip60
\skiplength=\skip61
\algomargin=\skip62
\skipalgocfslide=\skip63
\algowidth=\dimen116
\inoutsize=\dimen117
\inoutindent=\dimen118
\interspacetitleruled=\dimen119
\interspacealgoruled=\dimen120
\interspacetitleboxruled=\dimen121
\algocf@ruledwidth=\skip64
\algocf@inoutbox=\box28
\algocf@inputbox=\box29
\AlCapSkip=\skip65
\AlCapHSkip=\skip66
\algoskipindent=\skip67
\algocf@nlbox=\box30
\algocf@hangingbox=\box31
\algocf@untilbox=\box32
\algocf@skipuntil=\skip68
\algocf@capbox=\box33
\algoheightruledefault=\skip69
\algoheightrule=\skip70
\algotitleheightruledefault=\skip71
\algotitleheightrule=\skip72
\c@algocfline=\count109
\c@algocfproc=\count110
\c@algocf=\count111
\algocf@algoframe=\box34
\algocf@algobox=\box35
) (C:\Users\Deepak\AppData\Roaming\MiKTeX\2.9\tex\latex\tocloft\tocloft.sty
Package: tocloft 2013/05/02 v2.3f parameterised ToC, etc., typesetting
Package tocloft Info: The document has chapter divisions on input line 44.
\cftparskip=\skip73
\cftbeforetoctitleskip=\skip74
\cftaftertoctitleskip=\skip75
\cftbeforepartskip=\skip76
\cftpartnumwidth=\skip77
\cftpartindent=\skip78
\cftbeforechapskip=\skip79
\cftchapindent=\skip80
\cftchapnumwidth=\skip81
\cftbeforesecskip=\skip82
\cftsecindent=\skip83
\cftsecnumwidth=\skip84
\cftbeforesubsecskip=\skip85
\cftsubsecindent=\skip86
\cftsubsecnumwidth=\skip87
\cftbeforesubsubsecskip=\skip88
\cftsubsubsecindent=\skip89
\cftsubsubsecnumwidth=\skip90
\cftbeforeparaskip=\skip91
\cftparaindent=\skip92
\cftparanumwidth=\skip93
\cftbeforesubparaskip=\skip94
\cftsubparaindent=\skip95
\cftsubparanumwidth=\skip96
\cftbeforeloftitleskip=\skip97
\cftafterloftitleskip=\skip98
\cftbeforefigskip=\skip99
\cftfigindent=\skip100
\cftfignumwidth=\skip101
\cftbeforelottitleskip=\skip102
\cftafterlottitleskip=\skip103
\cftbeforetabskip=\skip104
\cfttabindent=\skip105
\cfttabnumwidth=\skip106
\cftbeforesubfigskip=\skip107
\cftsubfigindent=\skip108
\cftsubfignumwidth=\skip109
\cftbeforesubtabskip=\skip110
\cftsubtabindent=\skip111
\cftsubtabnumwidth=\skip112
)
(C:\Users\Deepak\AppData\Roaming\MiKTeX\2.9\tex\latex\natbib\natbib.sty
Package: natbib 2010/09/13 8.31b (PWD, AO)
\bibhang=\skip113
\bibsep=\skip114
LaTeX Info: Redefining \cite on input line 694.
\c@NAT@ctr=\count112
)
(C:\Users\Deepak\AppData\Roaming\MiKTeX\2.9\tex\latex\lineno\lineno.sty
Package: lineno 2005/11/02 line numbers on paragraphs v4.41
\linenopenalty=\count113
\output=\toks26
\linenoprevgraf=\count114
\linenumbersep=\dimen122
\linenumberwidth=\dimen123
\c@linenumber=\count115
\c@pagewiselinenumber=\count116
\c@LN@truepage=\count117
\c@internallinenumber=\count118
\c@internallinenumbers=\count119
\quotelinenumbersep=\dimen124
\bframerule=\dimen125
\bframesep=\dimen126
\bframebox=\box36
LaTeX Info: Redefining \\ on input line 3056.
)
(C:\Users\Deepak\AppData\Roaming\MiKTeX\2.9\tex\latex\booktabs\booktabs.sty
Package: booktabs 2005/04/14 v1.61803 publication quality tables
\heavyrulewidth=\dimen127
\lightrulewidth=\dimen128
\cmidrulewidth=\dimen129
\belowrulesep=\dimen130
\belowbottomsep=\dimen131
\aboverulesep=\dimen132
\abovetopsep=\dimen133
\cmidrulesep=\dimen134
\cmidrulekern=\dimen135
\defaultaddspace=\dimen136
\@cmidla=\count120
\@cmidlb=\count121
\@aboverulesep=\dimen137
\@belowrulesep=\dimen138
\@thisruleclass=\count122
\@lastruleclass=\count123
\@thisrulewidth=\dimen139
)
("C:\Program Files\MiKTeX 2.9\tex\latex\eurosym\eurosym.sty"
Package: eurosym 1998/08/06 v1.1 European currency symbol ``Euro''
\@eurobox=\box37
) (macros.tex
\c@thm=\count124
\c@claim=\count125
\c@dm=\count126
)
(declarns.tex)
\@indexfile=\write3
\openout3 = `thesis.idx'.


Writing index file thesis.idx

LaTeX Warning: Unused global option(s):
    [bibtotoc].

(thesis.aux (preface.aux) (ch1.aux) (ch2.aux) (ch3.aux) (ch4.aux) (ch5.aux)
(ch6.aux

LaTeX Warning: Label `fig:overview' multiply defined.


LaTeX Warning: Label `fig:overview' multiply defined.

) (ch7.aux) (appendix1.aux) (appendix2.aux

LaTeX Warning: Label `fig:git' multiply defined.


LaTeX Warning: Label `fig:git' multiply defined.


LaTeX Warning: Label `fig:git' multiply defined.


LaTeX Warning: Label `fig:git' multiply defined.

))
\openout1 = `thesis.aux'.

LaTeX Font Info:    Checking defaults for OML/cmm/m/it on input line 201.
LaTeX Font Info:    ... okay on input line 201.
LaTeX Font Info:    Checking defaults for T1/cmr/m/n on input line 201.
LaTeX Font Info:    ... okay on input line 201.
LaTeX Font Info:    Checking defaults for OT1/cmr/m/n on input line 201.
LaTeX Font Info:    ... okay on input line 201.
LaTeX Font Info:    Checking defaults for OMS/cmsy/m/n on input line 201.
LaTeX Font Info:    ... okay on input line 201.
LaTeX Font Info:    Checking defaults for OMX/cmex/m/n on input line 201.
LaTeX Font Info:    ... okay on input line 201.
LaTeX Font Info:    Checking defaults for U/cmr/m/n on input line 201.
LaTeX Font Info:    ... okay on input line 201.
 (C:\Users\Deepak\AppData\Roaming\MiKTeX\2.9\tex\context\base\supp-pdf.mkii
[Loading MPS to PDF converter (version 2006.09.02).]
\scratchcounter=\count127
\scratchdimen=\dimen140
\scratchbox=\box38
\nofMPsegments=\count128
\nofMParguments=\count129
\everyMPshowfont=\toks27
\MPscratchCnt=\count130
\MPscratchDim=\dimen141
\MPnumerator=\count131
\makeMPintoPDFobject=\count132
\everyMPtoPDFconversion=\toks28
) ("C:\Program Files\MiKTeX 2.9\tex\generic\oberdiek\pdftexcmds.sty"
Package: pdftexcmds 2016/05/21 v0.22 Utility functions of pdfTeX for LuaTeX (HO
)

("C:\Program Files\MiKTeX 2.9\tex\generic\oberdiek\ifluatex.sty"
Package: ifluatex 2016/05/16 v1.4 Provides the ifluatex switch (HO)
Package ifluatex Info: LuaTeX not detected.
)
("C:\Program Files\MiKTeX 2.9\tex\generic\oberdiek\ifpdf.sty"
Package: ifpdf 2016/05/14 v3.1 Provides the ifpdf switch
)
Package pdftexcmds Info: LuaTeX not detected.
Package pdftexcmds Info: \pdf@primitive is available.
Package pdftexcmds Info: \pdf@ifprimitive is available.
Package pdftexcmds Info: \pdfdraftmode found.
)
("C:\Program Files\MiKTeX 2.9\tex\latex\oberdiek\epstopdf-base.sty"
Package: epstopdf-base 2016/05/15 v2.6 Base part for package epstopdf

("C:\Program Files\MiKTeX 2.9\tex\latex\oberdiek\grfext.sty"
Package: grfext 2016/05/16 v1.2 Manage graphics extensions (HO)

("C:\Program Files\MiKTeX 2.9\tex\generic\oberdiek\kvdefinekeys.sty"
Package: kvdefinekeys 2016/05/16 v1.4 Define keys (HO)
))
("C:\Program Files\MiKTeX 2.9\tex\latex\oberdiek\kvoptions.sty"
Package: kvoptions 2016/05/16 v3.12 Key value format for package options (HO)

("C:\Program Files\MiKTeX 2.9\tex\generic\oberdiek\kvsetkeys.sty"
Package: kvsetkeys 2016/05/16 v1.17 Key value parser (HO)

("C:\Program Files\MiKTeX 2.9\tex\generic\oberdiek\etexcmds.sty"
Package: etexcmds 2016/05/16 v1.6 Avoid name clashes with e-TeX commands (HO)
Package etexcmds Info: Could not find \expanded.
(etexcmds)             That can mean that you are not using pdfTeX 1.50 or
(etexcmds)             that some package has redefined \expanded.
(etexcmds)             In the latter case, load this package earlier.
)))
Package epstopdf-base Info: Redefining graphics rule for `.eps' on input line 4
38.
Package grfext Info: Graphics extension search list:
(grfext)             [.png,.pdf,.jpg,.mps,.jpeg,.jbig2,.jb2,.PNG,.PDF,.JPG,.JPE
G,.JBIG2,.JB2,.eps]
(grfext)             \AppendGraphicsExtensions on input line 456.
)
LaTeX Font Info:    Try loading font information for U+msa on input line 210.

("C:\Program Files\MiKTeX 2.9\tex\latex\amsfonts\umsa.fd"
File: umsa.fd 2013/01/14 v3.01 AMS symbols A
)
LaTeX Font Info:    Try loading font information for U+msb on input line 210.

("C:\Program Files\MiKTeX 2.9\tex\latex\amsfonts\umsb.fd"
File: umsb.fd 2013/01/14 v3.01 AMS symbols B
)
LaTeX Font Info:    Try loading font information for U+lasy on input line 210.

("C:\Program Files\MiKTeX 2.9\tex\latex\base\ulasy.fd"
File: ulasy.fd 1998/08/17 v2.2e LaTeX symbol font definitions
) [1


{C:/Users/Deepak/AppData/Local/MiKTeX/2.9/pdftex/config/pdftex.map}] [2


] (thesis.toc [3

] [4])
\tf@toc=\write4
\openout4 = `thesis.toc'.


[5] (thesis.lof [6

])
\tf@lof=\write5
\openout5 = `thesis.lof'.

 [7] (thesis.lot)
\tf@lot=\write6
\openout6 = `thesis.lot'.

 [8

]
\openout2 = `preface.aux'.

 (preface.tex
Underfull \hbox (badness 10000) in paragraph at lines 24--25

 []


Underfull \hbox (badness 10000) in paragraph at lines 26--27

 []


Underfull \hbox (badness 10000) in paragraph at lines 28--29

 []


Underfull \hbox (badness 10000) in paragraph at lines 30--31

 []

[9


]
Underfull \hbox (badness 10000) in paragraph at lines 32--33

 []


Underfull \hbox (badness 10000) in paragraph at lines 34--35

 []


Underfull \hbox (badness 10000) in paragraph at lines 36--37

 []

) [10]
Underfull \hbox (badness 10000) in paragraph at lines 305--306

 []

[11


]
Underfull \hbox (badness 10000) in paragraph at lines 314--315

 []


Underfull \hbox (badness 10000) in paragraph at lines 316--317

 []

[12

]
Underfull \hbox (badness 10000) in paragraph at lines 334--335

 []

[13

] <Predictive.png, id=47, 752.0597pt x 526.21594pt>
File: Predictive.png Graphic file (type png)
 <use Predictive.png>
Package pdftex.def Info: Predictive.png used on input line 339.
(pdftex.def)             Requested size: 398.33858pt x 278.7245pt.

[14 <./Predictive.png>]
\openout2 = `ch1.aux'.

 (ch1.tex
Chapter 1.

Underfull \hbox (badness 10000) in paragraph at lines 15--16

 []


Underfull \hbox (badness 10000) in paragraph at lines 17--18

 []

[1



]
Underfull \hbox (badness 10000) in paragraph at lines 28--29

 []

[2]
LaTeX Font Info:    Try loading font information for OMS+cmr on input line 43.
 ("C:\Program Files\MiKTeX 2.9\tex\latex\base\omscmr.fd"
File: omscmr.fd 2014/09/29 v2.5h Standard LaTeX font definitions
)
LaTeX Font Info:    Font shape `OMS/cmr/m/n' in size <12> not available
(Font)              Font shape `OMS/cmsy/m/n' tried instead on input line 43.
 [3]) [4]
\openout2 = `ch2.aux'.

 (ch2.tex
Chapter 2.

Underfull \hbox (badness 10000) in paragraph at lines 17--18

 []

[5



]) [6]
\openout2 = `ch3.aux'.

 (ch3.tex
Chapter 3.

Underfull \hbox (badness 10000) in paragraph at lines 13--14

 []


Underfull \hbox (badness 10000) in paragraph at lines 15--16

 []

[7



]
Underfull \hbox (badness 10000) in paragraph at lines 17--18

 []

<Loanflowchart.jpg, id=76, 878.53218pt x 481.04718pt>
File: Loanflowchart.jpg Graphic file (type jpg)
 <use Loanflowchart.jpg>
Package pdftex.def Info: Loanflowchart.jpg used on input line 20.
(pdftex.def)             Requested size: 398.33858pt x 218.12077pt.

Underfull \hbox (badness 10000) in paragraph at lines 26--27

 []

[8] [9 <./Loanflowchart.jpg>]
Overfull \hbox (24.51929pt too wide) in paragraph at lines 41--41
[]\OT1/cmr/bx/n/14.4 Traditional Sub-jec-tive As-sess-ment Sys-tem and Credit
 []


Underfull \hbox (badness 10000) in paragraph at lines 42--43

 []

[10]
Underfull \hbox (badness 10000) in paragraph at lines 44--45

 []


Underfull \hbox (badness 10000) in paragraph at lines 46--47

 []

[11]
Underfull \hbox (badness 10000) in paragraph at lines 51--52

 []


Underfull \hbox (badness 10000) in paragraph at lines 53--54

 []

[12]
Underfull \hbox (badness 10000) in paragraph at lines 59--60

 []


Underfull \hbox (badness 10000) in paragraph at lines 61--62

 []


Underfull \hbox (badness 10000) in paragraph at lines 63--64

 []

[13]
Underfull \hbox (badness 10000) in paragraph at lines 65--66

 []


Underfull \hbox (badness 10000) in paragraph at lines 67--68

 []


Underfull \hbox (badness 10000) in paragraph at lines 69--70

 []

[14]
Underfull \hbox (badness 10000) in paragraph at lines 71--72

 []


Underfull \hbox (badness 10000) in paragraph at lines 86--86
[]\OT1/cmr/m/n/12 Linear Re-gres-
 []


Underfull \hbox (badness 10000) in paragraph at lines 87--87
[]\OT1/cmr/m/n/12 Discriminant
 []


Underfull \hbox (badness 10000) in paragraph at lines 93--94

 []

[15]
Overfull \hbox (6.92114pt too wide) in paragraph at lines 95--96
[]\OT1/cmr/bx/n/12 Discriminant Anal-y-sis: \OT1/cmr/m/n/12 In credit scor-ing 
mod-els, a sta-tis-ti-cal anal-y-sis method
 []


Underfull \hbox (badness 10000) in paragraph at lines 95--96

 []


Underfull \hbox (badness 10000) in paragraph at lines 98--99

 []

[16] <simpledt.png, id=105, 977.15062pt x 508.90125pt>
File: simpledt.png Graphic file (type png)
 <use simpledt.png>
Package pdftex.def Info: simpledt.png used on input line 102.
(pdftex.def)             Requested size: 398.33858pt x 207.45502pt.

Underfull \hbox (badness 10000) in paragraph at lines 100--107

 []

[17 <./simpledt.png>]
Underfull \hbox (badness 10000) in paragraph at lines 113--114

 []

[18]
Underfull \hbox (badness 10000) in paragraph at lines 115--116

 []


Underfull \hbox (badness 10000) in paragraph at lines 121--122

 []


Underfull \hbox (badness 10000) in paragraph at lines 123--124

 []

[19]
Underfull \hbox (badness 10000) in paragraph at lines 125--126

 []


Underfull \hbox (badness 10000) in paragraph at lines 127--128

 []

) [20]
\openout2 = `ch4.aux'.

 (ch4.tex
Chapter 4.
[21



]
Underfull \hbox (badness 10000) in paragraph at lines 46--46
[]\OT1/cmr/bx/n/12 Operating
 []


Underfull \hbox (badness 10000) in paragraph at lines 47--47
[]\OT1/cmr/m/n/12 Intel(R) Core(TM) i3-
 []


Underfull \hbox (badness 10000) in paragraph at lines 47--48
[]\OT1/cmr/m/n/12 Intel(R) Core(TM) i3-
 []


Overfull \hbox (7.54724pt too wide) in paragraph at lines 43--51
 [][] 
 []


Underfull \hbox (badness 10000) in paragraph at lines 57--58

 []

[22] [23]
Overfull \hbox (21.56163pt too wide) in paragraph at lines 87--87
[]\OT1/cmtt/m/n/12 [4] "ProbationaryLoans"     "MortgageType"   "NewLoan"      
   "NIM"[] 
 []


Overfull \hbox (21.56163pt too wide) in paragraph at lines 87--87
[]\OT1/cmtt/m/n/12 [8] "DefaultedLoans"        "CreditRating"   "InterestIncome
"  "LTV"[] 
 []


Overfull \hbox (3.03662pt too wide) in paragraph at lines 87--87
[]\OT1/cmtt/m/n/12 [30] "UpdatedPropertyValue" "LTVUpdated"     "LTVCategoryUpd
ated"[] 
 []

[24]
Missing character: There is no â in font cmtt12!
Missing character: There is no € in font cmtt12!
Missing character: There is no ˜ in font cmtt12!
Missing character: There is no â in font cmtt12!
Missing character: There is no € in font cmtt12!
Missing character: There is no ™ in font cmtt12!
Missing character: There is no â in font cmtt12!
Missing character: There is no € in font cmtt12!
Missing character: There is no ˜ in font cmtt12!
Missing character: There is no â in font cmtt12!
Missing character: There is no € in font cmtt12!
Missing character: There is no ™ in font cmtt12!

Overfull \hbox (27.73663pt too wide) in paragraph at lines 158--158
[]\OT1/cmtt/m/n/12 Classes tbl_df, tbl and 'data.frame':    36696 obs. of  20 v
ariables:[] 
 []


Overfull \hbox (40.08664pt too wide) in paragraph at lines 158--158
[] \OT1/cmtt/m/n/12 $ ContractRef         : chr  "00000CONTR00111034" "00000CON
TR00146183"[] 
 []


Overfull \hbox (3.03662pt too wide) in paragraph at lines 158--158
[] \OT1/cmtt/m/n/12 $ InterestType        : Factor w/ 3 levels "Fixed","Tracker
",..:[] 
 []

[25]
Overfull \hbox (21.56163pt too wide) in paragraph at lines 158--158
[] \OT1/cmtt/m/n/12 $ LTVCategory         : Factor w/ 11 levels "> 100%","0 to 
10%",..:[] 
 []


Overfull \hbox (3.03662pt too wide) in paragraph at lines 158--158
[] \OT1/cmtt/m/n/12 $ County              : Factor w/ 26 levels "Carlow","Cavan
",..:[] 
 []

[26] <ETL.jpg, id=139, 963.6pt x 542.025pt>
File: ETL.jpg Graphic file (type jpg)
 <use ETL.jpg>
Package pdftex.def Info: ETL.jpg used on input line 164.
(pdftex.def)             Requested size: 398.33858pt x 224.0595pt.

Underfull \hbox (badness 10000) in paragraph at lines 169--170

 []

[27 <./ETL.jpg>] <dataprocess.png, id=143, 530.73282pt x 243.15843pt>
File: dataprocess.png Graphic file (type png)

<use dataprocess.png>
Package pdftex.def Info: dataprocess.png used on input line 175.
(pdftex.def)             Requested size: 398.33858pt x 182.50194pt.

Underfull \hbox (badness 10000) in paragraph at lines 182--183

 []


Underfull \hbox (badness 10000) in paragraph at lines 185--186

 []

[28 <./dataprocess.png>]
Underfull \hbox (badness 10000) in paragraph at lines 187--188

 []


Underfull \hbox (badness 10000) in paragraph at lines 191--192

 []


Underfull \hbox (badness 10000) in paragraph at lines 200--201

 []

[29] [30] <logistic.jpg, id=154, 464.4853pt x 355.3275pt>
File: logistic.jpg Graphic file (type jpg)
 <use logistic.jpg>
Package pdftex.def Info: logistic.jpg used on input line 239.
(pdftex.def)             Requested size: 398.33858pt x 304.73529pt.

Overfull \hbox (27.73663pt too wide) in paragraph at lines 256--256
[]\OT1/cmtt/m/n/12 m2 <- glm(DefaultedLoans ~., family = "binomial", data = tra
inDatav2)[] 
 []


Overfull \hbox (15.38663pt too wide) in paragraph at lines 266--266
[]\OT1/cmtt/m/n/12 simpleglmv2 <- glm(DefaultedLoans ~ CreditRating + InterestI
ncome +[] 
 []


Overfull \hbox (64.78665pt too wide) in paragraph at lines 266--266
[]    \OT1/cmtt/m/n/12 MortgageType + InArrears + County + AddressLatitude + Ad
dressLongitude,[] 
 []

[31]
Overfull \hbox (3.03662pt too wide) in paragraph at lines 272--272
[]\OT1/cmtt/m/n/12 testDatav2$prediction <- predict(simpleglmv2, newdata=testDa
tav2,[] 
 []

[32 <./logistic.jpg>]
Overfull \hbox (46.26164pt too wide) in paragraph at lines 312--312
[]\OT1/cmtt/m/n/12 defaultLoanTree <- rpart(DefaultedLoans ~ NewLoan + County +
 LoanBalance[] 
 []


Overfull \hbox (27.73663pt too wide) in paragraph at lines 312--312
[]\OT1/cmtt/m/n/12 + PropertyValue + InterestIncome + CreditRating + AnnualPYMT
 + County[] 
 []

[33]
Overfull \hbox (46.26164pt too wide) in paragraph at lines 312--312
[]\OT1/cmtt/m/n/12 + AddressLatitude + AddressLongitude ,method = "class",data=
trainDatav2,[] 
 []


Underfull \hbox (badness 10000) in paragraph at lines 318--319

 []

[34]
Overfull \hbox (64.78665pt too wide) in paragraph at lines 353--353
[]\OT1/cmtt/m/n/12 SCRIPT_REAL('mydata <- data.frame(DefaultedLoans=.arg1, Cred
itRating=.arg2,[] 
 []


Overfull \hbox (46.26164pt too wide) in paragraph at lines 353--353
[]\OT1/cmtt/m/n/12 InterestIncome=.arg3, LoanBalance =.arg4, AnnualPYMT =.arg5,
 LTV =.arg6,[] 
 []


Overfull \hbox (64.78665pt too wide) in paragraph at lines 353--353
[]\OT1/cmtt/m/n/12 MortgageYears=.arg10,MortgageType=.arg11, InArrears =.arg12,
County =.arg13,[] 
 []


Overfull \hbox (40.08664pt too wide) in paragraph at lines 353--353
[]\OT1/cmtt/m/n/12 AddressLatitude=.arg14, AddressLongitude=.arg15, PropertyVal
ue=.arg16);[] 
 []


Overfull \hbox (15.38663pt too wide) in paragraph at lines 353--353
[]\OT1/cmtt/m/n/12 prob <- predict(simpleglmv2, newdata = mydata, type = "respo
nse")',[] 
 []


Overfull \hbox (27.73663pt too wide) in paragraph at lines 353--353
[]\OT1/cmtt/m/n/12 ATTR([Defaulted Loans]),ATTR([Credit Rating]),AVG([Interest 
Income]),[] 
 []


Overfull \hbox (46.26164pt too wide) in paragraph at lines 353--353
[]\OT1/cmtt/m/n/12 AVG([Loan Balance]),AVG([Annual PYMT]),AVG([LTV]),ATTR([Inte
rest Type]),[] 
 []


Overfull \hbox (9.21162pt too wide) in paragraph at lines 353--353
[]\OT1/cmtt/m/n/12 ATTR([New Loan]),ATTR([Probationary Loans]),AVG([Mortgage Ye
ars]),[] 
 []


Overfull \hbox (40.08664pt too wide) in paragraph at lines 353--353
[]\OT1/cmtt/m/n/12 AVG([Address Latitude]),AVG([Address Longitude]),AVG([Proper
ty Value]))[] 
 []

) [35]
\openout2 = `ch5.aux'.

 (ch5.tex
Chapter 5.

Underfull \hbox (badness 10000) in paragraph at lines 21--22

 []

[36



]

LaTeX Warning: No positions in optional float specifier.
               Default added (so using `tbp') on input line 43.


Underfull \hbox (badness 10000) in paragraph at lines 62--63

 []

[37]
Underfull \hbox (badness 10000) in paragraph at lines 64--65

 []


Underfull \hbox (badness 10000) in paragraph at lines 66--67

 []

[38] <result0.png, id=180, 511.15968pt x 314.67563pt>
File: result0.png Graphic file (type png)
 <use result0.png>
Package pdftex.def Info: result0.png used on input line 97.
(pdftex.def)             Requested size: 398.33858pt x 245.22032pt.

Underfull \hbox (badness 10000) in paragraph at lines 104--105

 []

<results1.png, id=181, 526.96875pt x 315.42844pt>
File: results1.png Graphic file (type png)
 <use results1.png>
Package pdftex.def Info: results1.png used on input line 108.
(pdftex.def)             Requested size: 398.33858pt x 238.44301pt.

Overfull \hbox (2.58792pt too wide) in paragraph at lines 115--116
\OT1/cmr/m/n/12 per-for-mance of the pre-dic-tive model by plot-ting true pos-i
-tive rate(TPR) against
 []


Underfull \hbox (badness 10000) in paragraph at lines 115--116

 []

[39] <DTorg.png, id=185, 526.96875pt x 325.215pt>
File: DTorg.png Graphic file (type png)
 <use DTorg.png>
Package pdftex.def Info: DTorg.png used on input line 119.
(pdftex.def)             Requested size: 398.33858pt x 245.841pt.


LaTeX Warning: Reference `fig: DTorg' on page 40 undefined on input line 126.

[40 <./result0.png>] <DTmod.png, id=190, 526.96875pt x 325.215pt>
File: DTmod.png Graphic file (type png)

<use DTmod.png>
Package pdftex.def Info: DTmod.png used on input line 130.
(pdftex.def)             Requested size: 398.33858pt x 245.841pt.
 <DTcm.png, id=191, 324.46219pt x 325.215pt>
File: DTcm.png Graphic file (type png)
 <use DTcm.png>
Package pdftex.def Info: DTcm.png used on input line 139.
(pdftex.def)             Requested size: 97.3394pt x 97.56525pt.
File: Predictive.png Graphic file (type png)

<use Predictive.png>
Package pdftex.def Info: Predictive.png used on input line 151.
(pdftex.def)             Requested size: 376.02893pt x 263.10733pt.


LaTeX Warning: Reference `fig.street' on page 41 undefined on input line 160.


Underfull \hbox (badness 10000) in paragraph at lines 160--161

 []

[41 <./results1.png>] <street.png, id=196, 604.50844pt x 363.60844pt>
File: street.png Graphic file (type png)

<use street.png>
Package pdftex.def Info: street.png used on input line 164.
(pdftex.def)             Requested size: 302.25348pt x 181.80377pt.
 [42 <./DTorg.png>]
<heatmap.png, id=200, 301.8778pt x 249.93375pt>
File: heatmap.png Graphic file (type png)
 <use heatmap.png>
Package pdftex.def Info: heatmap.png used on input line 177.
(pdftex.def)             Requested size: 211.31302pt x 174.95242pt.
 [43 <./DTmod.png> <./DTcm.png>]

LaTeX Warning: Text page 44 contains only floats.

[44 <./street.png>] <crash.png, id=207, 740.7675pt x 514.92375pt>
File: crash.png Graphic file (type png)

<use crash.png>
Package pdftex.def Info: crash.png used on input line 188.
(pdftex.def)             Requested size: 370.38284pt x 257.46124pt.
Missing character: There is no â in font cmr12!
Missing character: There is no ‚ in font cmr12!
Missing character: There is no ¬ in font cmr12!
 <mala.png, id=208, 765.6103pt x 541.27219pt>
File: mala.png Graphic file (type png)
 <use mala.png>
Package pdftex.def Info: mala.png used on input line 199.
(pdftex.def)             Requested size: 382.80421pt x 270.63542pt.
)
[45 <./heatmap.png>] [46 <./crash.png>] [47 <./mala.png>]
\openout2 = `ch6.aux'.

 (ch6.tex
Chapter 6.
<crash1.png, id=220, 889.07156pt x 509.65407pt>
File: crash1.png Graphic file (type png)
 <use crash1.png>
Package pdftex.def Info: crash1.png used on input line 18.
(pdftex.def)             Requested size: 266.72353pt x 152.8974pt.
 [48



 <./crash1.png>] <clustero.png, id=225, 722.7pt x 387.69844pt>
File: clustero.png Graphic file (type png)
 <use clustero.png>
Package pdftex.def Info: clustero.png used on input line 32.
(pdftex.def)             Requested size: 289.07487pt x 155.07661pt.

<cluster.png, id=226, 286.82156pt x 290.58563pt>
File: cluster.png Graphic file (type png)
 <use cluster.png>
Package pdftex.def Info: cluster.png used on input line 43.
(pdftex.def)             Requested size: 143.41042pt x 145.29245pt.

Overfull \hbox (14.3655pt too wide) in paragraph at lines 50--52
[]\OT1/cmr/m/n/12 During data anal-y-sis phase, it was noted that the most prop
-er-ties have LTV(Loan-
 []

[49 <./clustero.png>] <ltv.png, id=231, 704.6325pt x 433.62pt>
File: ltv.png Graphic file (type png)
 <use ltv.png>
Package pdftex.def Info: ltv.png used on input line 54.
(pdftex.def)             Requested size: 352.3154pt x 216.80946pt.

<countynumber.png, id=232, 975.645pt x 530.73282pt>
File: countynumber.png Graphic file (type png)
 <use countynumber.png>
Package pdftex.def Info: countynumber.png used on input line 63.
(pdftex.def)             Requested size: 390.25108pt x 212.28937pt.

[50 <./cluster.png> <./ltv.png (PNG copy)>] [51 <./countynumber.png>]
<stats1.png, id=241, 461.47406pt x 199.49532pt>
File: stats1.png Graphic file (type png)
 <use stats1.png>
Package pdftex.def Info: stats1.png used on input line 78.
(pdftex.def)             Requested size: 323.02963pt x 139.64575pt.

<stats2.png, id=242, 475.7775pt x 180.675pt>
File: stats2.png Graphic file (type png)
 <use stats2.png>
Package pdftex.def Info: stats2.png used on input line 88.
(pdftex.def)             Requested size: 333.04196pt x 126.47162pt.
 [52 <./stats1.png> <./stats2.png>] <Overview.png, id=246, 752.0597pt x 450.934
7pt>
File: Overview.png Graphic file (type png)

<use Overview.png>
Package pdftex.def Info: Overview.png used on input line 102.
(pdftex.def)             Requested size: 398.33858pt x 238.84975pt.
 [53 <./Overview.png>]
<Analysis.png, id=252, 752.0597pt x 526.21594pt>
File: Analysis.png Graphic file (type png)
 <use Analysis.png>
Package pdftex.def Info: Analysis.png used on input line 123.
(pdftex.def)             Requested size: 398.33858pt x 278.7245pt.
 [54 <./Analysis.png>] <dist.png, id=257, 770.12718pt x 524.71031pt>
File: dist.png Graphic file (type png)
 <use dist.png>
Package pdftex.def Info: dist.png used on input line 134.
(pdftex.def)             Requested size: 398.33858pt x 271.39375pt.

<rmap.png, id=258, 748.29562pt x 486.31688pt>
File: rmap.png Graphic file (type png)
 <use rmap.png>
Package pdftex.def Info: rmap.png used on input line 146.
(pdftex.def)             Requested size: 398.33858pt x 258.88206pt.
 [55 <./dist.png>]
Underfull \hbox (badness 10000) in paragraph at lines 156--157

 []

[56 <./rmap.png>]
Underfull \hbox (badness 10000) in paragraph at lines 166--167

 []

) [57]
\openout2 = `ch7.aux'.

 (ch7.tex
Chapter 7.
<future.png, id=268, 376.40625pt x 223.58531pt>
File: future.png Graphic file (type png)
 <use future.png>
Package pdftex.def Info: future.png used on input line 29.
(pdftex.def)             Requested size: 398.33858pt x 236.63083pt.
 [58



] [59 <./future.png>]) [60]
\openout2 = `appendix1.aux'.

 (appendix1.tex <git.png, id=279, 750.55406pt x 489.32813pt>
File: git.png Graphic file (type png)

<use git.png>
Package pdftex.def Info: git.png used on input line 22.
(pdftex.def)             Requested size: 398.33858pt x 259.70105pt.
) [61






 <./git.png>]
\openout2 = `appendix2.aux'.

 (appendix2.tex
<freq.png, id=284, 388.45125pt x 572.1375pt>
File: freq.png Graphic file (type png)
 <use freq.png>
Package pdftex.def Info: freq.png used on input line 18.
(pdftex.def)             Requested size: 233.07254pt x 343.28514pt.

<freq1.png, id=285, 370.38374pt x 484.81125pt>
File: freq1.png Graphic file (type png)
 <use freq1.png>
Package pdftex.def Info: freq1.png used on input line 27.
(pdftex.def)             Requested size: 222.23195pt x 290.88899pt.
 [62



 <./freq.png>] [63 <./freq1.png>] <ques1.png, id=292, 465.23813pt x 572.1375pt>
File: ques1.png Graphic file (type png)

<use ques1.png>
Package pdftex.def Info: ques1.png used on input line 38.
(pdftex.def)             Requested size: 279.14502pt x 343.28514pt.
 <ques2.png, id=293, 465.23813pt x 575.90157pt>
File: ques2.png Graphic file (type png)
 <use ques2.png>
Package pdftex.def Info: ques2.png used on input line 46.
(pdftex.def)             Requested size: 279.14502pt x 345.54361pt.
) [64

 <./ques1.png>] [65 <./ques2.png>] (thesis.bbl (babelbst.tex) [66



]
Missing character: There is no â in font cmr12!
Missing character: There is no „ in font cmr12!
Missing character: There is no ¢ in font cmr12!
Missing character: There is no â in font cmti12!
Missing character: There is no € in font cmti12!
Missing character: There is no ™ in font cmti12!
 [67]
[68] [69] [70]) [71] (thesis.aux (preface.aux) (ch1.aux) (ch2.aux) (ch3.aux)
(ch4.aux) (ch5.aux) (ch6.aux) (ch7.aux) (appendix1.aux) (appendix2.aux))

LaTeX Warning: There were undefined references.


LaTeX Warning: There were multiply-defined labels.

 )
(\end occurred inside a group at level 2)

### simple group (level 2) entered at line 15 ({)
### simple group (level 1) entered at line 1061 ({)
### bottom level 
Here is how much of TeX's memory you used:
 5481 strings out of 493333
 74765 string characters out of 3139192
 152381 words of memory out of 3000000
 8738 multiletter control sequences out of 15000+200000
 14585 words of font info for 60 fonts, out of 3000000 for 9000
 1146 hyphenation exceptions out of 8191
 40i,14n,33p,1772b,3282s stack positions out of 5000i,500n,10000p,200000b,50000s
<C:/Program Files/MiKTeX 2.9/fonts/type1/public/amsfonts/cm/cmb
x12.pfb><C:/Program Files/MiKTeX 2.9/fonts/type1/public/amsfonts/cm/cmmi12.pfb>
<C:/Program Files/MiKTeX 2.9/fonts/type1/public/amsfonts/cm/cmr12.pfb><C:/Progr
am Files/MiKTeX 2.9/fonts/type1/public/amsfonts/cm/cmsy10.pfb><C:/Program Files
/MiKTeX 2.9/fonts/type1/public/amsfonts/cm/cmti12.pfb><C:/Program Files/MiKTeX 
2.9/fonts/type1/public/amsfonts/cm/cmtt12.pfb><C:/Program Files/MiKTeX 2.9/font
s/type1/public/eurosym/feymr10.pfb>
Output written on thesis.pdf (85 pages, 2476965 bytes).
PDF statistics:
 346 PDF objects out of 1000 (max. 8388607)
 0 named destinations out of 1000 (max. 500000)
 161 words of extra memory for PDF output out of 10000 (max. 10000000)

